<?xml version="1.0" encoding="UTF-8"?>
<!-- Generated by org.testng.reporters.JUnitReportReporter -->
<testsuite skipped="0" hostname="GISI-0NVH5P" name="com.cec.qa.runner.MainRunner" tests="1" failures="0" timestamp="15 Nov 2019 09:49:57 GMT" time="98.223" errors="0">
  <testcase name="feature" time="98.223" classname="com.cec.qa.runner.MainRunner"/>
</testsuite> <!-- com.cec.qa.runner.MainRunner -->
